Database connection established

 (Brave): (1) https://www.google.com
   (Brave) https://www.google.com: Getting Requests and Reponses
   (Brave) : Loading new page https://www.google.com
**  (Brave): TimeoutError -> https://www.google.com

 (Brave): (2) https://www.npr.org
   (Brave) https://www.npr.org: Getting Requests and Reponses
   (Brave) : Loading new page https://www.npr.org
   (Brave) https://www.npr.org: Page loaded
   (Brave) https://www.npr.org: Getting Cookies
   (Brave) https://www.npr.org: Getting Localstorage
      **** Error in LocalStorageFrameEvaluate
   (Brave) https://www.npr.org: Checking Cookie Banner
The following words were found: [ 'accept', 'accept all', 'reject', 'reject all' ]
Error accessing element handle's visibility -- id
Error accessing element handle's visibility -- id
Error accessing element handle's visibility -- id
Could not evaluate visibility
TypeError: Cannot read properties of null (reading '0')
    at allInDetermineCookieBannerState (file:///Users/crawler/Documents/cookie-banners/webCrawler/bannerIdAllOne.js:311:41)
    at process.processTicksAndRejections (node:internal/process/task_queues:95:5)
    at async takeMeasurements (file:///Users/crawler/Documents/cookie-banners/webCrawler/index.js:55:3)
    at async evaluateWebsite (file:///Users/crawler/Documents/cookie-banners/webCrawler/index.js:77:5)
    at async crawlMain (file:///Users/crawler/Documents/cookie-banners/webCrawler/index.js:130:32)
    at async callableMain (file:///Users/crawler/Documents/cookie-banners/webCrawler/index.js:196:5)

 (Brave): (3) https://www.loadbee.com
   (Brave) https://www.loadbee.com: Getting Requests and Reponses
   (Brave) : Loading new page https://www.loadbee.com
   (Brave) https://www.loadbee.com: Page loaded
   (Brave) https://www.loadbee.com: Getting Cookies
   (Brave) https://www.loadbee.com: Getting Localstorage
   (Brave) https://www.loadbee.com: Checking Cookie Banner
The following words were found: [ 'privacy statement', 'cookie policy' ]
Error accessing element handle's visibility -- classname
Error accessing element handle's visibility -- classname
Could not evaluate visibility
TypeError: Cannot read properties of null (reading '0')
    at allInDetermineCookieBannerState (file:///Users/crawler/Documents/cookie-banners/webCrawler/bannerIdAllOne.js:311:41)
    at process.processTicksAndRejections (node:internal/process/task_queues:95:5)
    at async takeMeasurements (file:///Users/crawler/Documents/cookie-banners/webCrawler/index.js:55:3)
    at async evaluateWebsite (file:///Users/crawler/Documents/cookie-banners/webCrawler/index.js:77:5)
    at async crawlMain (file:///Users/crawler/Documents/cookie-banners/webCrawler/index.js:130:32)
    at async callableMain (file:///Users/crawler/Documents/cookie-banners/webCrawler/index.js:196:5)

 (Brave): (4) https://www.xycdn.com
   (Brave) https://www.xycdn.com: Getting Requests and Reponses
   (Brave) : Loading new page https://www.xycdn.com
**  (Brave): Error visiting webpage -> https://www.xycdn.com (net::ERR_NAME_NOT_RESOLVED at https://www.xycdn.com)

 (Brave): (5) https://www.bradescopj.com.br
   (Brave) https://www.bradescopj.com.br: Getting Requests and Reponses
   (Brave) : Loading new page https://www.bradescopj.com.br
**  (Brave): Error visiting webpage -> https://www.bradescopj.com.br (net::ERR_CERT_COMMON_NAME_INVALID at https://www.bradescopj.com.br)

 (Brave): (6) https://www.voroniny-online.pw
   (Brave) https://www.voroniny-online.pw: Getting Requests and Reponses
   (Brave) : Loading new page https://www.voroniny-online.pw
**  (Brave): Error visiting webpage -> https://www.voroniny-online.pw (net::ERR_NAME_NOT_RESOLVED at https://www.voroniny-online.pw)

 (Brave): (7) https://www.chocolateplatform.com
   (Brave) https://www.chocolateplatform.com: Getting Requests and Reponses
   (Brave) : Loading new page https://www.chocolateplatform.com
**  (Brave): Error visiting webpage -> https://www.chocolateplatform.com (net::ERR_ABORTED at https://www.chocolateplatform.com)

 (Brave): (8) https://www.owneriq.net
   (Brave) https://www.owneriq.net: Getting Requests and Reponses
   (Brave) : Loading new page https://www.owneriq.net
**  (Brave): Error visiting webpage -> https://www.owneriq.net (net::ERR_CERT_COMMON_NAME_INVALID at https://www.owneriq.net)

 (Brave): (9) https://www.dishboxes.com
   (Brave) https://www.dishboxes.com: Getting Requests and Reponses
   (Brave) : Loading new page https://www.dishboxes.com
**  (Brave): Error visiting webpage -> https://www.dishboxes.com (net::ERR_NAME_NOT_RESOLVED at https://www.dishboxes.com)

 (Brave): (10) https://www.bcolyyp.in
   (Brave) https://www.bcolyyp.in: Getting Requests and Reponses
   (Brave) : Loading new page https://www.bcolyyp.in
**  (Brave): TimeoutError -> https://www.bcolyyp.in

 (Brave): (11) https://www.nu.edu.bd
   (Brave) https://www.nu.edu.bd: Getting Requests and Reponses
   (Brave) : Loading new page https://www.nu.edu.bd
**  (Brave): Error visiting webpage -> https://www.nu.edu.bd (net::ERR_NAME_NOT_RESOLVED at https://www.nu.edu.bd)

 (Brave): (12) https://www.seatwowave.com
   (Brave) https://www.seatwowave.com: Getting Requests and Reponses
   (Brave) : Loading new page https://www.seatwowave.com
**  (Brave): TimeoutError -> https://www.seatwowave.com

 (Brave): (13) https://www.appservnetwork.com
   (Brave) https://www.appservnetwork.com: Getting Requests and Reponses
   (Brave) : Loading new page https://www.appservnetwork.com
**  (Brave): Error visiting webpage -> https://www.appservnetwork.com (net::ERR_CERT_AUTHORITY_INVALID at https://www.appservnetwork.com)

 (Brave): (14) https://www.brutalhack.in
   (Brave) https://www.brutalhack.in: Getting Requests and Reponses
   (Brave) : Loading new page https://www.brutalhack.in
**  (Brave): TimeoutError -> https://www.brutalhack.in

 (Brave): (15) https://www.google.com
   (Brave) https://www.google.com: Getting Requests and Reponses
   (Brave) : Loading new page https://www.google.com
   (Brave) https://www.google.com: Page loaded
   (Brave) https://www.google.com: Getting Cookies
   (Brave) https://www.google.com: Getting Localstorage
   (Brave) https://www.google.com: Checking Cookie Banner
The following words were found: [ 'reject', 'reject all', 'accept', 'accept all' ]
   (Brave) https://www.google.com: Adding requests to DB
   (Brave) https://www.google.com: Adding to successful website

 (Brave): (16) https://www.mirror.co.uk
   (Brave) https://www.mirror.co.uk: Getting Requests and Reponses
   (Brave) : Loading new page https://www.mirror.co.uk
   (Brave) https://www.mirror.co.uk: Page loaded
   (Brave) https://www.mirror.co.uk: Getting Cookies
   (Brave) https://www.mirror.co.uk: Getting Localstorage
   (Brave) https://www.mirror.co.uk: Checking Cookie Banner
Checking frames for banner
Checking frames for banner
No banners were found on the page (less than 2 words founds (reject), or less than 2 elements in subtree (0)).
   (Brave) https://www.mirror.co.uk: Adding requests to DB
   (Brave) https://www.mirror.co.uk: Adding to successful website

 (Brave): (17) https://www.byrpex.ru
   (Brave) https://www.byrpex.ru: Getting Requests and Reponses
   (Brave) : Loading new page https://www.byrpex.ru
   (Brave) https://www.byrpex.ru: Page loaded
   (Brave) https://www.byrpex.ru: Getting Cookies
   (Brave) https://www.byrpex.ru: Getting Localstorage
   (Brave) https://www.byrpex.ru: Checking Cookie Banner
Checking frames for banner
No banners were found on the page (no words).
   (Brave) https://www.byrpex.ru: Adding requests to DB
   (Brave) https://www.byrpex.ru: Adding to successful website

 (Brave): (18) https://www.umich.edu
   (Brave) https://www.umich.edu: Getting Requests and Reponses
   (Brave) : Loading new page https://www.umich.edu
   (Brave) https://www.umich.edu: Page loaded
   (Brave) https://www.umich.edu: Getting Cookies
   (Brave) https://www.umich.edu: Getting Localstorage
   (Brave) https://www.umich.edu: Checking Cookie Banner
The following words were found: [ 'uses cookies', 'decline' ]
Error accessing element handle's visibility -- classname
   (Brave) https://www.umich.edu: Adding requests to DB
   (Brave) https://www.umich.edu: Adding to successful website

 (Brave): (19) https://www.dteenergy.com
   (Brave) https://www.dteenergy.com: Getting Requests and Reponses
   (Brave) : Loading new page https://www.dteenergy.com
   (Brave) https://www.dteenergy.com: Page loaded
   (Brave) https://www.dteenergy.com: Getting Cookies
   (Brave) https://www.dteenergy.com: Getting Localstorage
   (Brave) https://www.dteenergy.com: Checking Cookie Banner
Checking frames for banner
No banners were found on the page (no words).
   (Brave) https://www.dteenergy.com: Adding requests to DB
   (Brave) https://www.dteenergy.com: Adding to successful website

 (Brave): (20) https://www.lww.com
   (Brave) https://www.lww.com: Getting Requests and Reponses
   (Brave) : Loading new page https://www.lww.com
   (Brave) https://www.lww.com: Page loaded
   (Brave) https://www.lww.com: Getting Cookies
   (Brave) https://www.lww.com: Getting Localstorage
   (Brave) https://www.lww.com: Checking Cookie Banner
Checking frames for banner
Checking frames for banner
Checking frames for banner
No banners were found on the page (less than 2 words founds (accept), or less than 2 elements in subtree (0)).
   (Brave) https://www.lww.com: Adding requests to DB
   (Brave) https://www.lww.com: Adding to successful website

 (Brave): (21) https://www.moitruongvadothi.vn
   (Brave) https://www.moitruongvadothi.vn: Getting Requests and Reponses
   (Brave) : Loading new page https://www.moitruongvadothi.vn
**  (Brave): TimeoutError -> https://www.moitruongvadothi.vn

 (Brave): (22) https://www.remitano.com
   (Brave) https://www.remitano.com: Getting Requests and Reponses
   (Brave) : Loading new page https://www.remitano.com
**  (Brave): TimeoutError -> https://www.remitano.com

 (Brave): (23) https://www.truelocal.com.au
   (Brave) https://www.truelocal.com.au: Getting Requests and Reponses
   (Brave) : Loading new page https://www.truelocal.com.au
   (Brave) https://www.truelocal.com.au: Page loaded
   (Brave) https://www.truelocal.com.au: Getting Cookies
   (Brave) https://www.truelocal.com.au: Getting Localstorage
   (Brave) https://www.truelocal.com.au: Checking Cookie Banner
Checking frames for banner
Checking frames for banner
No banners were found on the page (no words).
   (Brave) https://www.truelocal.com.au: Adding requests to DB
   (Brave) https://www.truelocal.com.au: Adding to successful website

 (Brave): (24) https://www.wholefoodsmarket.com
   (Brave) https://www.wholefoodsmarket.com: Getting Requests and Reponses
   (Brave) : Loading new page https://www.wholefoodsmarket.com
   (Brave) https://www.wholefoodsmarket.com: Page loaded
   (Brave) https://www.wholefoodsmarket.com: Getting Cookies
   (Brave) https://www.wholefoodsmarket.com: Getting Localstorage
   (Brave) https://www.wholefoodsmarket.com: Checking Cookie Banner
Checking frames for banner
No banners were found on the page (less than 2 words founds (agree,use cookies), or less than 2 elements in subtree (0)).
   (Brave) https://www.wholefoodsmarket.com: Adding requests to DB
   (Brave) https://www.wholefoodsmarket.com: Adding to successful website

 (Brave): (25) https://www.kwaishop.com
   (Brave) https://www.kwaishop.com: Getting Requests and Reponses
   (Brave) : Loading new page https://www.kwaishop.com
**  (Brave): TimeoutError -> https://www.kwaishop.com

 (Brave): (26) https://www.alphabroder.com
   (Brave) https://www.alphabroder.com: Getting Requests and Reponses
   (Brave) : Loading new page https://www.alphabroder.com
   (Brave) https://www.alphabroder.com: Page loaded
   (Brave) https://www.alphabroder.com: Getting Cookies
   (Brave) https://www.alphabroder.com: Getting Localstorage
   (Brave) https://www.alphabroder.com: Checking Cookie Banner
Checking frames for banner
Checking frames for banner
Checking frames for banner
Checking frames for banner
Checking frames for banner
No banners were found on the page (less than 2 words founds (cookie policy), or less than 2 elements in subtree (0)).
   (Brave) https://www.alphabroder.com: Adding requests to DB
   (Brave) https://www.alphabroder.com: Adding to successful website

 (Brave): (27) https://www.auckland.ac.nz
   (Brave) https://www.auckland.ac.nz: Getting Requests and Reponses
   (Brave) : Loading new page https://www.auckland.ac.nz
   (Brave) https://www.auckland.ac.nz: Page loaded
   (Brave) https://www.auckland.ac.nz: Getting Cookies
   (Brave) https://www.auckland.ac.nz: Getting Localstorage
   (Brave) https://www.auckland.ac.nz: Checking Cookie Banner
Checking frames for banner
No banners were found on the page (no words).
   (Brave) https://www.auckland.ac.nz: Adding requests to DB
   (Brave) https://www.auckland.ac.nz: Adding to successful website

 (Brave): (28) https://www.optable.co
   (Brave) https://www.optable.co: Getting Requests and Reponses
   (Brave) : Loading new page https://www.optable.co
   (Brave) https://www.optable.co: Page loaded
   (Brave) https://www.optable.co: Getting Cookies
   (Brave) https://www.optable.co: Getting Localstorage
   (Brave) https://www.optable.co: Checking Cookie Banner
Checking frames for banner
No banners were found on the page (less than 2 words founds (accept,accept all,reject,reject all,more information), or less than 2 elements in subtree (0)).
   (Brave) https://www.optable.co: Adding requests to DB
   (Brave) https://www.optable.co: Adding to successful website

 (Brave): (29) https://www.fansedge.com
   (Brave) https://www.fansedge.com: Getting Requests and Reponses
   (Brave) : Loading new page https://www.fansedge.com
   (Brave) https://www.fansedge.com: Page loaded
   (Brave) https://www.fansedge.com: Getting Cookies
   (Brave) https://www.fansedge.com: Getting Localstorage
   (Brave) https://www.fansedge.com: Checking Cookie Banner
Checking frames for banner
Checking frames for banner
Checking frames for banner
Checking frames for banner
Checking frames for banner
No banners were found on the page (less than 2 words founds (agree), or less than 2 elements in subtree (0)).
   (Brave) https://www.fansedge.com: Adding requests to DB
   (Brave) https://www.fansedge.com: Adding to successful website

 (Brave): (30) https://www.onepieceex.net
   (Brave) https://www.onepieceex.net: Getting Requests and Reponses
   (Brave) : Loading new page https://www.onepieceex.net
   (Brave) https://www.onepieceex.net: Page loaded
   (Brave) https://www.onepieceex.net: Getting Cookies
   (Brave) https://www.onepieceex.net: Getting Localstorage
   (Brave) https://www.onepieceex.net: Checking Cookie Banner
Checking frames for banner
Checking frames for banner
Checking frames for banner
Checking frames for banner
Checking frames for banner
Checking frames for banner
Checking frames for banner
No banners were found on the page (no words).
   (Brave) https://www.onepieceex.net: Adding requests to DB
   (Brave) https://www.onepieceex.net: Adding to successful website

 (Brave): (31) https://www.valleymetro.org
   (Brave) https://www.valleymetro.org: Getting Requests and Reponses
   (Brave) : Loading new page https://www.valleymetro.org
   (Brave) https://www.valleymetro.org: Page loaded
   (Brave) https://www.valleymetro.org: Getting Cookies
   (Brave) https://www.valleymetro.org: Getting Localstorage
   (Brave) https://www.valleymetro.org: Checking Cookie Banner
Checking frames for banner
Checking frames for banner
No banners were found on the page (no words).
   (Brave) https://www.valleymetro.org: Adding requests to DB
   (Brave) https://www.valleymetro.org: Adding to successful website

 (Brave): (32) https://www.privat24.ua
   (Brave) https://www.privat24.ua: Getting Requests and Reponses
   (Brave) : Loading new page https://www.privat24.ua
   (Brave) https://www.privat24.ua: Page loaded
   (Brave) https://www.privat24.ua: Getting Cookies
   (Brave) https://www.privat24.ua: Getting Localstorage
   (Brave) https://www.privat24.ua: Checking Cookie Banner
Checking frames for banner
Checking frames for banner
No banners were found on the page (no words).
   (Brave) https://www.privat24.ua: Adding requests to DB
   (Brave) https://www.privat24.ua: Adding to successful website

 (Brave): (33) https://www.powerplanetonline.com
   (Brave) https://www.powerplanetonline.com: Getting Requests and Reponses
   (Brave) : Loading new page https://www.powerplanetonline.com
   (Brave) https://www.powerplanetonline.com: Page loaded
   (Brave) https://www.powerplanetonline.com: Getting Cookies
   (Brave) https://www.powerplanetonline.com: Getting Localstorage
   (Brave) https://www.powerplanetonline.com: Checking Cookie Banner
Checking frames for banner
Checking frames for banner
Checking frames for banner
No banners were found on the page (less than 2 words founds (more information), or less than 2 elements in subtree (0)).
   (Brave) https://www.powerplanetonline.com: Adding requests to DB
   (Brave) https://www.powerplanetonline.com: Adding to successful website

 (Brave): (34) https://www.veriagi.com
   (Brave) https://www.veriagi.com: Getting Requests and Reponses
   (Brave) : Loading new page https://www.veriagi.com
   (Brave) https://www.veriagi.com: Page loaded
   (Brave) https://www.veriagi.com: Getting Cookies
   (Brave) https://www.veriagi.com: Getting Localstorage
   (Brave) https://www.veriagi.com: Checking Cookie Banner
Checking frames for banner
No banners were found on the page (no words).
   (Brave) https://www.veriagi.com: Adding requests to DB
   (Brave) https://www.veriagi.com: Adding to successful website

 (Brave): (35) https://www.pioneerdj.com
   (Brave) https://www.pioneerdj.com: Getting Requests and Reponses
   (Brave) : Loading new page https://www.pioneerdj.com
   (Brave) https://www.pioneerdj.com: Page loaded
   (Brave) https://www.pioneerdj.com: Getting Cookies
   (Brave) https://www.pioneerdj.com: Getting Localstorage
   (Brave) https://www.pioneerdj.com: Checking Cookie Banner
The following words were found: [ 'cookie policy', 'use cookie' ]
   (Brave) https://www.pioneerdj.com: Adding requests to DB
   (Brave) https://www.pioneerdj.com: Adding to successful website

 (Brave): (36) https://www.ntrs.com
   (Brave) https://www.ntrs.com: Getting Requests and Reponses
   (Brave) : Loading new page https://www.ntrs.com
   (Brave) https://www.ntrs.com: Page loaded
   (Brave) https://www.ntrs.com: Getting Cookies
   (Brave) https://www.ntrs.com: Getting Localstorage
      **** Error in LocalStorageFrameEvaluate
      **** Cannot get frame origin because of lazy frame in local storage
      **** Cannot get frame origin because of lazy frame in local storage
   (Brave) https://www.ntrs.com: Checking Cookie Banner
Checking frames for banner
Checking frames for banner
Checking frames for banner
Checking frames for banner
Checking frames for banner
Checking frames for banner
Error: Execution context is not available in detached frame "https://edd3.ntrs.com/935372/sf93.html?sui=0df2663752c244a6c3e229112b4bb830d7a230901b0d4f935d3367d2fcc9588c#e=https%3A%2F%2Fwww.northerntrust.com&__tp=login&LSESSIONID=eyJpIjoiV0VWTmhjZzVHZ0hsSHFTcmJCYjl4Zz09IiwiZSI6IkVHT3NlXC8zVzJ4eFJFaEhtNlJGRSsyc1wvbGREdWlLdUUycTRBb1hBZDVIWnVwK2xWQTRPY2VjczgzRG5xN3B6dUxlbmJaMFZqK2c5V1c0cHhpOGlWdk02UGtYQlVMU0U5WHZNbXRlUkRQRjZLWkNrNW94eHhwVzNnZVlJUXV5dURDK3NMQ0p5ZlRiWjVrRW5TSkxUd0dRPT0ifQ%3D%3D.b328745d30f9cacb.ZDBmODkyZWExNzg4YTIzMTZiN2UwYjBiMDc2ZjRhYmYyOWZjZTg2N2RlYjliYTIxODkyZjM2ODE5MjAzNTc0MA%3D%3D&eu=https%3A%2F%2Fwww.northerntrust.com%2Funited-kingdom%2Fhome&icid=169357672740749581" (are you trying to evaluate?)
    at IsolatedWorld.executionContext (/Users/crawler/Documents/cookie-banners/webCrawler/node_modules/puppeteer/node_modules/puppeteer-core/lib/cjs/puppeteer/common/IsolatedWorld.js:81:19)
    at IsolatedWorld.evaluate (/Users/crawler/Documents/cookie-banners/webCrawler/node_modules/puppeteer/node_modules/puppeteer-core/lib/cjs/puppeteer/common/IsolatedWorld.js:95:36)
    at Frame.evaluate (/Users/crawler/Documents/cookie-banners/webCrawler/node_modules/puppeteer/node_modules/puppeteer-core/lib/cjs/puppeteer/common/Frame.js:154:33)
    at ALLINONE (file:///Users/crawler/Documents/cookie-banners/webCrawler/bannerIdAllOne.js:14:35)
    at findBannerFrameRecursive (file:///Users/crawler/Documents/cookie-banners/webCrawler/bannerIdAllOne.js:261:39)
    at findBannerFrameRecursive (file:///Users/crawler/Documents/cookie-banners/webCrawler/bannerIdAllOne.js:270:34)
    at process.processTicksAndRejections (node:internal/process/task_queues:95:5)
    at async accessAllFrames (file:///Users/crawler/Documents/cookie-banners/webCrawler/bannerIdAllOne.js:288:10)
    at async allInDetermineCookieBannerState (file:///Users/crawler/Documents/cookie-banners/webCrawler/bannerIdAllOne.js:295:19)
    at async takeMeasurements (file:///Users/crawler/Documents/cookie-banners/webCrawler/index.js:55:3)
TypeError: Cannot read properties of undefined (reading '0')
    at findBannerFrameRecursive (file:///Users/crawler/Documents/cookie-banners/webCrawler/bannerIdAllOne.js:265:32)
    at process.processTicksAndRejections (node:internal/process/task_queues:95:5)
    at async findBannerFrameRecursive (file:///Users/crawler/Documents/cookie-banners/webCrawler/bannerIdAllOne.js:270:28)
    at async accessAllFrames (file:///Users/crawler/Documents/cookie-banners/webCrawler/bannerIdAllOne.js:288:10)
    at async allInDetermineCookieBannerState (file:///Users/crawler/Documents/cookie-banners/webCrawler/bannerIdAllOne.js:295:19)
    at async takeMeasurements (file:///Users/crawler/Documents/cookie-banners/webCrawler/index.js:55:3)
    at async evaluateWebsite (file:///Users/crawler/Documents/cookie-banners/webCrawler/index.js:77:5)
    at async crawlMain (file:///Users/crawler/Documents/cookie-banners/webCrawler/index.js:130:32)
    at async callableMain (file:///Users/crawler/Documents/cookie-banners/webCrawler/index.js:196:5)

 (Brave): (37) https://www.blogthisbiz.com
   (Brave) https://www.blogthisbiz.com: Getting Requests and Reponses
   (Brave) : Loading new page https://www.blogthisbiz.com
**  (Brave): TimeoutError -> https://www.blogthisbiz.com

 (Brave): (38) https://www.slotdewa.xyz
   (Brave) https://www.slotdewa.xyz: Getting Requests and Reponses
   (Brave) : Loading new page https://www.slotdewa.xyz
   (Brave) https://www.slotdewa.xyz: Page loaded
   (Brave) https://www.slotdewa.xyz: Getting Cookies
   (Brave) https://www.slotdewa.xyz: Getting Localstorage
   (Brave) https://www.slotdewa.xyz: Checking Cookie Banner
Checking frames for banner
Checking frames for banner
Checking frames for banner
No banners were found on the page (no words).
   (Brave) https://www.slotdewa.xyz: Adding requests to DB
   (Brave) https://www.slotdewa.xyz: Adding to successful website

 (Brave): (39) https://www.iga.net
   (Brave) https://www.iga.net: Getting Requests and Reponses
   (Brave) : Loading new page https://www.iga.net
   (Brave) https://www.iga.net: Page loaded
   (Brave) https://www.iga.net: Getting Cookies
   (Brave) https://www.iga.net: Getting Localstorage
   (Brave) https://www.iga.net: Checking Cookie Banner
Checking frames for banner
Checking frames for banner
Checking frames for banner
No banners were found on the page (less than 2 words founds (more information), or less than 2 elements in subtree (1)).
   (Brave) https://www.iga.net: Adding requests to DB
   (Brave) https://www.iga.net: Adding to successful website

 (Brave): (40) https://www.fpsc.gov.pk
   (Brave) https://www.fpsc.gov.pk: Getting Requests and Reponses
   (Brave) : Loading new page https://www.fpsc.gov.pk
   (Brave) https://www.fpsc.gov.pk: Page loaded
   (Brave) https://www.fpsc.gov.pk: Getting Cookies
   (Brave) https://www.fpsc.gov.pk: Getting Localstorage
   (Brave) https://www.fpsc.gov.pk: Checking Cookie Banner
Checking frames for banner
Checking frames for banner
No banners were found on the page (no words).
   (Brave) https://www.fpsc.gov.pk: Adding requests to DB
   (Brave) https://www.fpsc.gov.pk: Adding to successful website

 (Brave): (41) https://www.parker.com
   (Brave) https://www.parker.com: Getting Requests and Reponses
   (Brave) : Loading new page https://www.parker.com
   (Brave) https://www.parker.com: Page loaded
   (Brave) https://www.parker.com: Getting Cookies
   (Brave) https://www.parker.com: Getting Localstorage
   (Brave) https://www.parker.com: Checking Cookie Banner
Checking frames for banner
Checking frames for banner
Checking frames for banner
Checking frames for banner
No banners were found on the page (no words).
   (Brave) https://www.parker.com: Adding requests to DB
   (Brave) https://www.parker.com: Adding to successful website

 (Brave): (42) https://www.inven.co.kr
   (Brave) https://www.inven.co.kr: Getting Requests and Reponses
   (Brave) : Loading new page https://www.inven.co.kr
**  (Brave): TimeoutError -> https://www.inven.co.kr

 (Brave): (43) https://www.jokerapp678e.net
   (Brave) https://www.jokerapp678e.net: Getting Requests and Reponses
   (Brave) : Loading new page https://www.jokerapp678e.net
**  (Brave): TimeoutError -> https://www.jokerapp678e.net

 (Brave): (44) https://www.uc.edu.ph
   (Brave) https://www.uc.edu.ph: Getting Requests and Reponses
   (Brave) : Loading new page https://www.uc.edu.ph
**  (Brave): TimeoutError -> https://www.uc.edu.ph

 (Brave): (45) https://www.dnevnik.si
   (Brave) https://www.dnevnik.si: Getting Requests and Reponses
   (Brave) : Loading new page https://www.dnevnik.si
**  (Brave): TimeoutError -> https://www.dnevnik.si

 (Brave): (46) https://www.jpay.com
   (Brave) https://www.jpay.com: Getting Requests and Reponses
   (Brave) : Loading new page https://www.jpay.com
**  (Brave): TimeoutError -> https://www.jpay.com
Database connection disconnected
