
1 (Brave): (1) https://bot.sannysoft.com
   1 (Brave) : Loading new page https://bot.sannysoft.com
PAGE LOG: Failed to load resource: net::ERR_BLOCKED_BY_CLIENT
PAGE LOG: JSHandle@regexp
** 1 (Brave): TimeoutError -> https://bot.sannysoft.com
** 1 (Brave) closing page.
** 1 (Brave) Webpage closed.

1 (Brave): (2) https://www.whatismyip.com
   1 (Brave) : Loading new page https://www.whatismyip.com
PAGE LOG: Failed to load resource: net::ERR_BLOCKED_BY_CLIENT
   1 (Brave) https://www.whatismyip.com: Page loaded
PAGE LOG: creating ad whatismyip_medrec
PAGE LOG: creating ad whatismyip_leaderboard_atf
PAGE LOG: Failed to load resource: net::ERR_BLOCKED_BY_CLIENT
PAGE LOG: Show Ads
PAGE LOG: Track Freestar view
PAGE LOG: Failed to load resource: net::ERR_NAME_NOT_RESOLVED
   1 (Brave) https://www.whatismyip.com: Page closed

1 (Brave): (3) https://www.showmyip.com
   1 (Brave) : Loading new page https://www.showmyip.com
PAGE LOG: Failed to load resource: net::ERR_BLOCKED_BY_CLIENT
PAGE LOG: Failed to load resource: net::ERR_BLOCKED_BY_CLIENT
PAGE LOG: Failed to load resource: net::ERR_BLOCKED_BY_CLIENT
PAGE LOG: Connatix in-content script found.
   1 (Brave) https://www.showmyip.com: Page loaded
   1 (Brave) https://www.showmyip.com: Page closed

1 (Brave): (4) https://whatismyipaddress.com
   1 (Brave) : Loading new page https://whatismyipaddress.com
PAGE LOG: JQMIGRATE: Migrate is installed, version 3.4.1
PAGE LOG: Failed to load resource: net::ERR_BLOCKED_BY_CLIENT
PAGE LOG: Failed to load resource: net::ERR_BLOCKED_BY_CLIENT
PAGE LOG: Failed to load resource: net::ERR_NAME_NOT_RESOLVED
PAGE LOG: Failed to load resource: net::ERR_NAME_NOT_RESOLVED
PAGE LOG: Failed to load resource: net::ERR_BLOCKED_BY_CLIENT
PAGE LOG: Failed to load resource: net::ERR_BLOCKED_BY_CLIENT
   1 (Brave) https://whatismyipaddress.com: Page loaded
   1 (Brave) https://whatismyipaddress.com: Page closed
