[
  'https://bot.sannysoft.com',
  'https://www.whatismyip.com',
  'https://www.showmyip.com',
  'https://whatismyipaddress.com'
]

1 (Brave): (1) https://bot.sannysoft.com
   1 (Brave) : Loading new page https://bot.sannysoft.com
** 1 (Brave): TimeoutError -> https://bot.sannysoft.com
** 1 (Brave) closing page.
** 1 (Brave) Webpage closed.

1 (Brave): (2) https://www.whatismyip.com
   1 (Brave) : Loading new page https://www.whatismyip.com
   1 (Brave) https://www.whatismyip.com: Page loaded
   1 (Brave) https://www.whatismyip.com: Page closed

1 (Brave): (3) https://www.showmyip.com
   1 (Brave) : Loading new page https://www.showmyip.com
   1 (Brave) https://www.showmyip.com: Page loaded
   1 (Brave) https://www.showmyip.com: Page closed

1 (Brave): (4) https://whatismyipaddress.com
   1 (Brave) : Loading new page https://whatismyipaddress.com
   1 (Brave) https://whatismyipaddress.com: Page loaded
   1 (Brave) https://whatismyipaddress.com: Page closed
   1 (Brave) instance closed.
Database connection established
[
  'https://www.google.com',
  'https://www.amazon.com',
  'https://www.trbcdn.net',
  'https://www.imdb.com',
  'https://www.amazon.co.uk',
  'https://www.zendesk.com',
  'https://www.trendmicro.com',
  'https://www.booking.com',
  'https://www.amazon.de',
  'https://www.inner-active.mobi',
  'https://www.cnet.com',
  'https://www.aliexpress.com',
  'https://www.myspace.com',
  'https://www.kaspersky-labs.com',
  'https://www.box.com',
  'https://www.kickstarter.com',
  'https://www.nflxvideo.net',
  'https://www.spaceweb.pro',
  'https://www.sectigo.com',
  'https://www.fiverr.com',
  'https://www.xiaomi.net',
  'https://www.duolingo.com',
  'https://www.me.com',
  'https://www.discordapp.com',
  'https://www.bitly.com',
  'https://www.segment.io',
  'https://www.hbo.com',
  'https://www.fortune.com',
  'https://www.amazon.com.br',
  'https://www.photojojo.com',
  'https://www.bizon365.ru',
  'https://www.boat-lifestyle.com',
  'https://www.hentai-time.com',
  'https://www.independent.ie',
  'https://www.kaluga.su',
  'https://www.kaduvatv.cam',
  'https://www.tuttobolognaweb.it',
  'https://www.barenecessities.com',
  'https://www.bsc.es',
  'https://www.alphabroder.com',
  'https://www.lenmit.com',
  'https://www.viajesfalabella.cl',
  'https://www.barbie.com',
  'https://www.biqund.com',
  'https://www.vlan.be',
  'https://www.otenki.com',
  'https://www.moo.jp',
  'https://www.unblckd.cx',
  'https://www.vipleiloes.com.br',
  'https://www.monro24.ru',
  'https://www.arturia.com',
  'https://www.ntrs.com',
  'https://www.multi.xxx',
  'https://www.petel.bg',
  'https://www.steemit.com',
  'https://www.serebii.net',
  'https://www.hindimoviestv.com',
  'https://www.justpaste.it',
  'https://www.elisa.net',
  'https://www.zalora.com.my',
  'https://www.dishboxes.com',
  'https://www.cricketworldcup.com',
  'https://www.aiha.org',
  'https://www.radio-canada.ca',
  'https://www.bitpin.ir',
  'https://www.noi.md',
  'https://www.zippo.com',
  'https://www.guancha.cn',
  'https://www.fbs2-t-msedge.net',
  'https://www.airproducts.com',
  'https://www.superdeporte.es',
  'https://www.ecollege.com',
  'https://www.kaspi.kz',
  'https://www.paygateway.com',
  'https://www.mail.ru'
]

1 (Brave): (1) https://www.google.com
   1 (Brave) https://www.google.com: Getting Requests
   1 (Brave) https://www.google.com: Getting Responses
   1 (Brave) : Loading new page https://www.google.com
** 1 (Brave): TimeoutError -> https://www.google.com
** 1 (Brave) closing page.
** 1 (Brave) Webpage closed.

1 (Brave): (2) https://www.amazon.com
   1 (Brave) https://www.amazon.com: Getting Requests
   1 (Brave) https://www.amazon.com: Getting Responses
   1 (Brave) : Loading new page https://www.amazon.com
   1 (Brave) https://www.amazon.com: Page loaded
   1 (Brave) https://www.amazon.com: Getting HTML
   1 (Brave) https://www.amazon.com: Getting Cookies
   1 (Brave) https://www.amazon.com: Getting Localstorage
      **** Error in LocalStorageFrameEvaluate
   1 (Brave) https://www.amazon.com: Adding requests to DB
   1 (Brave) https://www.amazon.com: Page closed

1 (Brave): (3) https://www.trbcdn.net
   1 (Brave) https://www.trbcdn.net: Getting Requests
   1 (Brave) https://www.trbcdn.net: Getting Responses
   1 (Brave) : Loading new page https://www.trbcdn.net
** 1 (Brave): Error visiting webpage -> https://www.trbcdn.net (net::ERR_CERT_COMMON_NAME_INVALID at https://www.trbcdn.net)
** 1 (Brave) closing page.
** 1 (Brave) Webpage closed.

1 (Brave): (4) https://www.imdb.com
   1 (Brave) https://www.imdb.com: Getting Requests
   1 (Brave) https://www.imdb.com: Getting Responses
   1 (Brave) : Loading new page https://www.imdb.com
** 1 (Brave): TimeoutError -> https://www.imdb.com
** 1 (Brave) closing page.
** 1 (Brave) Webpage closed.

1 (Brave): (5) https://www.amazon.co.uk
   1 (Brave) https://www.amazon.co.uk: Getting Requests
   1 (Brave) https://www.amazon.co.uk: Getting Responses
   1 (Brave) : Loading new page https://www.amazon.co.uk
   1 (Brave) https://www.amazon.co.uk: Page loaded
   1 (Brave) https://www.amazon.co.uk: Getting HTML
   1 (Brave) https://www.amazon.co.uk: Getting Cookies
   1 (Brave) https://www.amazon.co.uk: Getting Localstorage
      **** Error in LocalStorageFrameEvaluate
   1 (Brave) https://www.amazon.co.uk: Adding requests to DB
   1 (Brave) https://www.amazon.co.uk: Page closed

1 (Brave): (6) https://www.zendesk.com
   1 (Brave) https://www.zendesk.com: Getting Requests
   1 (Brave) https://www.zendesk.com: Getting Responses
   1 (Brave) : Loading new page https://www.zendesk.com
** 1 (Brave): TimeoutError -> https://www.zendesk.com
** 1 (Brave) closing page.
** 1 (Brave) Webpage closed.

1 (Brave): (7) https://www.trendmicro.com
   1 (Brave) https://www.trendmicro.com: Getting Requests
   1 (Brave) https://www.trendmicro.com: Getting Responses
   1 (Brave) : Loading new page https://www.trendmicro.com
** 1 (Brave): TimeoutError -> https://www.trendmicro.com
** 1 (Brave) closing page.
** 1 (Brave) Webpage closed.

1 (Brave): (8) https://www.booking.com
   1 (Brave) https://www.booking.com: Getting Requests
   1 (Brave) https://www.booking.com: Getting Responses
   1 (Brave) : Loading new page https://www.booking.com
** 1 (Brave): TimeoutError -> https://www.booking.com
** 1 (Brave) closing page.
** 1 (Brave) Webpage closed.

1 (Brave): (9) https://www.amazon.de
   1 (Brave) https://www.amazon.de: Getting Requests
   1 (Brave) https://www.amazon.de: Getting Responses
   1 (Brave) : Loading new page https://www.amazon.de
** 1 (Brave): TimeoutError -> https://www.amazon.de
** 1 (Brave) closing page.
** 1 (Brave) Webpage closed.

1 (Brave): (10) https://www.inner-active.mobi
   1 (Brave) https://www.inner-active.mobi: Getting Requests
   1 (Brave) https://www.inner-active.mobi: Getting Responses
   1 (Brave) : Loading new page https://www.inner-active.mobi
** 1 (Brave): Error visiting webpage -> https://www.inner-active.mobi (net::ERR_CONNECTION_RESET at https://www.inner-active.mobi)
** 1 (Brave) closing page.
** 1 (Brave) Webpage closed.

1 (Brave): (11) https://www.cnet.com
   1 (Brave) https://www.cnet.com: Getting Requests
   1 (Brave) https://www.cnet.com: Getting Responses
   1 (Brave) : Loading new page https://www.cnet.com
** 1 (Brave): TimeoutError -> https://www.cnet.com
** 1 (Brave) closing page.
** 1 (Brave) Webpage closed.

1 (Brave): (12) https://www.aliexpress.com
   1 (Brave) https://www.aliexpress.com: Getting Requests
   1 (Brave) https://www.aliexpress.com: Getting Responses
   1 (Brave) : Loading new page https://www.aliexpress.com
   1 (Brave) https://www.aliexpress.com: Page loaded
   1 (Brave) https://www.aliexpress.com: Getting HTML
   1 (Brave) https://www.aliexpress.com: Getting Cookies
   1 (Brave) https://www.aliexpress.com: Getting Localstorage
   1 (Brave) https://www.aliexpress.com: Adding requests to DB
   1 (Brave) https://www.aliexpress.com: Page closed
   1 (Brave) https://www.aliexpress.com: Adding to successful website

1 (Brave): (13) https://www.myspace.com
   1 (Brave) https://www.myspace.com: Getting Requests
   1 (Brave) https://www.myspace.com: Getting Responses
   1 (Brave) : Loading new page https://www.myspace.com
   1 (Brave) https://www.myspace.com: Page loaded
   1 (Brave) https://www.myspace.com: Getting HTML
   1 (Brave) https://www.myspace.com: Getting Cookies
   1 (Brave) https://www.myspace.com: Getting Localstorage
      **** Error in LocalStorageFrameEvaluate
   1 (Brave) https://www.myspace.com: Adding requests to DB
   1 (Brave) https://www.myspace.com: Page closed

1 (Brave): (14) https://www.kaspersky-labs.com
   1 (Brave) https://www.kaspersky-labs.com: Getting Requests
   1 (Brave) https://www.kaspersky-labs.com: Getting Responses
   1 (Brave) : Loading new page https://www.kaspersky-labs.com
** 1 (Brave): Error visiting webpage -> https://www.kaspersky-labs.com (net::ERR_CERT_AUTHORITY_INVALID at https://www.kaspersky-labs.com)
** 1 (Brave) closing page.
** 1 (Brave) Webpage closed.

1 (Brave): (15) https://www.box.com
   1 (Brave) https://www.box.com: Getting Requests
   1 (Brave) https://www.box.com: Getting Responses
   1 (Brave) : Loading new page https://www.box.com
   1 (Brave) https://www.box.com: Page loaded
   1 (Brave) https://www.box.com: Getting HTML
   1 (Brave) https://www.box.com: Getting Cookies
      **** Error in CookieFrameEvaluate
   1 (Brave) https://www.box.com: Getting Localstorage
      **** Error in LocalStorageFrameEvaluate
   1 (Brave) https://www.box.com: Adding requests to DB
   1 (Brave) https://www.box.com: Page closed

1 (Brave): (16) https://www.kickstarter.com
   1 (Brave) https://www.kickstarter.com: Getting Requests
   1 (Brave) https://www.kickstarter.com: Getting Responses
   1 (Brave) : Loading new page https://www.kickstarter.com
** 1 (Brave): TimeoutError -> https://www.kickstarter.com
** 1 (Brave) closing page.
** 1 (Brave) Webpage closed.

1 (Brave): (17) https://www.nflxvideo.net
   1 (Brave) https://www.nflxvideo.net: Getting Requests
   1 (Brave) https://www.nflxvideo.net: Getting Responses
   1 (Brave) : Loading new page https://www.nflxvideo.net
** 1 (Brave): Error visiting webpage -> https://www.nflxvideo.net (net::ERR_SSL_PROTOCOL_ERROR at https://www.nflxvideo.net)
** 1 (Brave) closing page.
** 1 (Brave) Webpage closed.

1 (Brave): (18) https://www.spaceweb.pro
   1 (Brave) https://www.spaceweb.pro: Getting Requests
   1 (Brave) https://www.spaceweb.pro: Getting Responses
   1 (Brave) : Loading new page https://www.spaceweb.pro
** 1 (Brave): Error visiting webpage -> https://www.spaceweb.pro (net::ERR_CONNECTION_REFUSED at https://www.spaceweb.pro)
** 1 (Brave) closing page.
** 1 (Brave) Webpage closed.

1 (Brave): (19) https://www.sectigo.com
   1 (Brave) https://www.sectigo.com: Getting Requests
   1 (Brave) https://www.sectigo.com: Getting Responses
   1 (Brave) : Loading new page https://www.sectigo.com
   1 (Brave) https://www.sectigo.com: Page loaded
   1 (Brave) https://www.sectigo.com: Getting HTML
   1 (Brave) https://www.sectigo.com: Getting Cookies
   1 (Brave) https://www.sectigo.com: Getting Localstorage
      **** Error in LocalStorageFrameEvaluate
   1 (Brave) https://www.sectigo.com: Adding requests to DB
   1 (Brave) https://www.sectigo.com: Page closed

1 (Brave): (20) https://www.fiverr.com
   1 (Brave) https://www.fiverr.com: Getting Requests
   1 (Brave) https://www.fiverr.com: Getting Responses
   1 (Brave) : Loading new page https://www.fiverr.com
** 1 (Brave): TimeoutError -> https://www.fiverr.com
** 1 (Brave) closing page.
** 1 (Brave) Webpage closed.

1 (Brave): (21) https://www.xiaomi.net
   1 (Brave) https://www.xiaomi.net: Getting Requests
   1 (Brave) https://www.xiaomi.net: Getting Responses
   1 (Brave) : Loading new page https://www.xiaomi.net
** 1 (Brave): TimeoutError -> https://www.xiaomi.net
** 1 (Brave) closing page.
** 1 (Brave) Webpage closed.

1 (Brave): (22) https://www.duolingo.com
   1 (Brave) https://www.duolingo.com: Getting Requests
   1 (Brave) https://www.duolingo.com: Getting Responses
   1 (Brave) : Loading new page https://www.duolingo.com
** 1 (Brave): TimeoutError -> https://www.duolingo.com
** 1 (Brave) closing page.
** 1 (Brave) Webpage closed.

1 (Brave): (23) https://www.me.com
   1 (Brave) https://www.me.com: Getting Requests
   1 (Brave) https://www.me.com: Getting Responses
   1 (Brave) : Loading new page https://www.me.com
** 1 (Brave): Error visiting webpage -> https://www.me.com (net::ERR_CERT_AUTHORITY_INVALID at https://www.me.com)
** 1 (Brave) closing page.
** 1 (Brave) Webpage closed.

1 (Brave): (24) https://www.discordapp.com
   1 (Brave) https://www.discordapp.com: Getting Requests
   1 (Brave) https://www.discordapp.com: Getting Responses
   1 (Brave) : Loading new page https://www.discordapp.com
** 1 (Brave): TimeoutError -> https://www.discordapp.com
** 1 (Brave) closing page.
** 1 (Brave) Webpage closed.

1 (Brave): (25) https://www.bitly.com
   1 (Brave) https://www.bitly.com: Getting Requests
   1 (Brave) https://www.bitly.com: Getting Responses
   1 (Brave) : Loading new page https://www.bitly.com
** 1 (Brave): TimeoutError -> https://www.bitly.com
** 1 (Brave) closing page.
** 1 (Brave) Webpage closed.

1 (Brave): (26) https://www.segment.io
   1 (Brave) https://www.segment.io: Getting Requests
   1 (Brave) https://www.segment.io: Getting Responses
   1 (Brave) : Loading new page https://www.segment.io
   1 (Brave) https://www.segment.io: Page loaded
   1 (Brave) https://www.segment.io: Getting HTML
   1 (Brave) https://www.segment.io: Getting Cookies
   1 (Brave) https://www.segment.io: Getting Localstorage
      **** Error in LocalStorageFrameEvaluate
   1 (Brave) https://www.segment.io: Adding requests to DB
   1 (Brave) https://www.segment.io: Page closed

1 (Brave): (27) https://www.hbo.com
   1 (Brave) https://www.hbo.com: Getting Requests
   1 (Brave) https://www.hbo.com: Getting Responses
   1 (Brave) : Loading new page https://www.hbo.com
   1 (Brave) https://www.hbo.com: Page loaded
   1 (Brave) https://www.hbo.com: Getting HTML
   1 (Brave) https://www.hbo.com: Getting Cookies
   1 (Brave) https://www.hbo.com: Getting Localstorage
   1 (Brave) https://www.hbo.com: Adding requests to DB
   1 (Brave) https://www.hbo.com: Page closed
   1 (Brave) https://www.hbo.com: Adding to successful website

1 (Brave): (28) https://www.fortune.com
   1 (Brave) https://www.fortune.com: Getting Requests
   1 (Brave) https://www.fortune.com: Getting Responses
   1 (Brave) : Loading new page https://www.fortune.com
** 1 (Brave): TimeoutError -> https://www.fortune.com
** 1 (Brave) closing page.
** 1 (Brave) Webpage closed.

1 (Brave): (29) https://www.amazon.com.br
   1 (Brave) https://www.amazon.com.br: Getting Requests
   1 (Brave) https://www.amazon.com.br: Getting Responses
   1 (Brave) : Loading new page https://www.amazon.com.br
** 1 (Brave): TimeoutError -> https://www.amazon.com.br
** 1 (Brave) closing page.
** 1 (Brave) Webpage closed.

1 (Brave): (30) https://www.photojojo.com
   1 (Brave) https://www.photojojo.com: Getting Requests
   1 (Brave) https://www.photojojo.com: Getting Responses
   1 (Brave) : Loading new page https://www.photojojo.com
** 1 (Brave): TimeoutError -> https://www.photojojo.com
** 1 (Brave) closing page.
** 1 (Brave) Webpage closed.

1 (Brave): (31) https://www.bizon365.ru
   1 (Brave) https://www.bizon365.ru: Getting Requests
   1 (Brave) https://www.bizon365.ru: Getting Responses
   1 (Brave) : Loading new page https://www.bizon365.ru
** 1 (Brave): Error visiting webpage -> https://www.bizon365.ru (net::ERR_CERT_COMMON_NAME_INVALID at https://www.bizon365.ru)
** 1 (Brave) closing page.
** 1 (Brave) Webpage closed.

1 (Brave): (32) https://www.boat-lifestyle.com
   1 (Brave) https://www.boat-lifestyle.com: Getting Requests
   1 (Brave) https://www.boat-lifestyle.com: Getting Responses
   1 (Brave) : Loading new page https://www.boat-lifestyle.com
** 1 (Brave): TimeoutError -> https://www.boat-lifestyle.com
** 1 (Brave) closing page.
** 1 (Brave) Webpage closed.

1 (Brave): (33) https://www.hentai-time.com
   1 (Brave) https://www.hentai-time.com: Getting Requests
   1 (Brave) https://www.hentai-time.com: Getting Responses
   1 (Brave) : Loading new page https://www.hentai-time.com
   1 (Brave) https://www.hentai-time.com: Page loaded
   1 (Brave) https://www.hentai-time.com: Getting HTML
   1 (Brave) https://www.hentai-time.com: Getting Cookies
   1 (Brave) https://www.hentai-time.com: Getting Localstorage
      **** Error in LocalStorageFrameEvaluate
      **** Error in LocalStorageFrameEvaluate
   1 (Brave) https://www.hentai-time.com: Adding requests to DB
   1 (Brave) https://www.hentai-time.com: Page closed

1 (Brave): (34) https://www.independent.ie
   1 (Brave) https://www.independent.ie: Getting Requests
   1 (Brave) https://www.independent.ie: Getting Responses
   1 (Brave) : Loading new page https://www.independent.ie
** 1 (Brave): TimeoutError -> https://www.independent.ie
** 1 (Brave) closing page.
** 1 (Brave) Webpage closed.

1 (Brave): (35) https://www.kaluga.su
   1 (Brave) https://www.kaluga.su: Getting Requests
   1 (Brave) https://www.kaluga.su: Getting Responses
   1 (Brave) : Loading new page https://www.kaluga.su
** 1 (Brave): Error visiting webpage -> https://www.kaluga.su (net::ERR_CONNECTION_REFUSED at https://www.kaluga.su)
** 1 (Brave) closing page.
** 1 (Brave) Webpage closed.

1 (Brave): (36) https://www.kaduvatv.cam
   1 (Brave) https://www.kaduvatv.cam: Getting Requests
   1 (Brave) https://www.kaduvatv.cam: Getting Responses
   1 (Brave) : Loading new page https://www.kaduvatv.cam
   1 (Brave) https://www.kaduvatv.cam: Page loaded
   1 (Brave) https://www.kaduvatv.cam: Getting HTML
   1 (Brave) https://www.kaduvatv.cam: Getting Cookies
      **** Error in CookieFrameEvaluate
   1 (Brave) https://www.kaduvatv.cam: Getting Localstorage
      **** Error in LocalStorageFrameEvaluate
      **** Error in LocalStorageFrameEvaluate
   1 (Brave) https://www.kaduvatv.cam: Adding requests to DB
   1 (Brave) https://www.kaduvatv.cam: Page closed

1 (Brave): (37) https://www.tuttobolognaweb.it
   1 (Brave) https://www.tuttobolognaweb.it: Getting Requests
   1 (Brave) https://www.tuttobolognaweb.it: Getting Responses
   1 (Brave) : Loading new page https://www.tuttobolognaweb.it
** 1 (Brave): TimeoutError -> https://www.tuttobolognaweb.it
** 1 (Brave) closing page.
** 1 (Brave) Webpage closed.

1 (Brave): (38) https://www.barenecessities.com
   1 (Brave) https://www.barenecessities.com: Getting Requests
   1 (Brave) https://www.barenecessities.com: Getting Responses
   1 (Brave) : Loading new page https://www.barenecessities.com
** 1 (Brave): TimeoutError -> https://www.barenecessities.com
** 1 (Brave) closing page.
** 1 (Brave) Webpage closed.

1 (Brave): (39) https://www.bsc.es
   1 (Brave) https://www.bsc.es: Getting Requests
   1 (Brave) https://www.bsc.es: Getting Responses
   1 (Brave) : Loading new page https://www.bsc.es
   1 (Brave) https://www.bsc.es: Page loaded
   1 (Brave) https://www.bsc.es: Getting HTML
   1 (Brave) https://www.bsc.es: Getting Cookies
   1 (Brave) https://www.bsc.es: Getting Localstorage
   1 (Brave) https://www.bsc.es: Adding requests to DB
   1 (Brave) https://www.bsc.es: Page closed
   1 (Brave) https://www.bsc.es: Adding to successful website

1 (Brave): (40) https://www.alphabroder.com
   1 (Brave) https://www.alphabroder.com: Getting Requests
   1 (Brave) https://www.alphabroder.com: Getting Responses
   1 (Brave) : Loading new page https://www.alphabroder.com
** 1 (Brave): TimeoutError -> https://www.alphabroder.com
** 1 (Brave) closing page.
** 1 (Brave) Webpage closed.

1 (Brave): (41) https://www.lenmit.com
   1 (Brave) https://www.lenmit.com: Getting Requests
   1 (Brave) https://www.lenmit.com: Getting Responses
   1 (Brave) : Loading new page https://www.lenmit.com
** 1 (Brave): Error visiting webpage -> https://www.lenmit.com (net::ERR_CERT_COMMON_NAME_INVALID at https://www.lenmit.com)
** 1 (Brave) closing page.
** 1 (Brave) Webpage closed.

1 (Brave): (42) https://www.viajesfalabella.cl
   1 (Brave) https://www.viajesfalabella.cl: Getting Requests
   1 (Brave) https://www.viajesfalabella.cl: Getting Responses
   1 (Brave) : Loading new page https://www.viajesfalabella.cl
** 1 (Brave): TimeoutError -> https://www.viajesfalabella.cl
** 1 (Brave) closing page.
** 1 (Brave) Webpage closed.

1 (Brave): (43) https://www.barbie.com
   1 (Brave) https://www.barbie.com: Getting Requests
   1 (Brave) https://www.barbie.com: Getting Responses
   1 (Brave) : Loading new page https://www.barbie.com
** 1 (Brave): TimeoutError -> https://www.barbie.com
** 1 (Brave) closing page.
** 1 (Brave) Webpage closed.

1 (Brave): (44) https://www.biqund.com
   1 (Brave) https://www.biqund.com: Getting Requests
   1 (Brave) https://www.biqund.com: Getting Responses
   1 (Brave) : Loading new page https://www.biqund.com
** 1 (Brave): TimeoutError -> https://www.biqund.com
** 1 (Brave) closing page.
** 1 (Brave) Webpage closed.

1 (Brave): (45) https://www.vlan.be
   1 (Brave) https://www.vlan.be: Getting Requests
   1 (Brave) https://www.vlan.be: Getting Responses
   1 (Brave) : Loading new page https://www.vlan.be
   1 (Brave) https://www.vlan.be: Page loaded
   1 (Brave) https://www.vlan.be: Getting HTML
   1 (Brave) https://www.vlan.be: Getting Cookies
      **** Error in CookieFrameEvaluate
   1 (Brave) https://www.vlan.be: Getting Localstorage
      **** Error in LocalStorageFrameEvaluate
   1 (Brave) https://www.vlan.be: Adding requests to DB
   1 (Brave) https://www.vlan.be: Page closed

1 (Brave): (46) https://www.otenki.com
   1 (Brave) https://www.otenki.com: Getting Requests
   1 (Brave) https://www.otenki.com: Getting Responses
   1 (Brave) : Loading new page https://www.otenki.com
   1 (Brave) https://www.otenki.com: Page loaded
   1 (Brave) https://www.otenki.com: Getting HTML
   1 (Brave) https://www.otenki.com: Getting Cookies
   1 (Brave) https://www.otenki.com: Getting Localstorage
   1 (Brave) https://www.otenki.com: Adding requests to DB
   1 (Brave) https://www.otenki.com: Page closed
   1 (Brave) https://www.otenki.com: Adding to successful website

1 (Brave): (47) https://www.moo.jp
   1 (Brave) https://www.moo.jp: Getting Requests
   1 (Brave) https://www.moo.jp: Getting Responses
   1 (Brave) : Loading new page https://www.moo.jp
** 1 (Brave): Error visiting webpage -> https://www.moo.jp (net::ERR_CERT_COMMON_NAME_INVALID at https://www.moo.jp)
** 1 (Brave) closing page.
** 1 (Brave) Webpage closed.

1 (Brave): (48) https://www.unblckd.cx
   1 (Brave) https://www.unblckd.cx: Getting Requests
   1 (Brave) https://www.unblckd.cx: Getting Responses
   1 (Brave) : Loading new page https://www.unblckd.cx
   1 (Brave) https://www.unblckd.cx: Page loaded
   1 (Brave) https://www.unblckd.cx: Getting HTML
   1 (Brave) https://www.unblckd.cx: Getting Cookies
   1 (Brave) https://www.unblckd.cx: Getting Localstorage
   1 (Brave) https://www.unblckd.cx: Adding requests to DB
   1 (Brave) https://www.unblckd.cx: Page closed
   1 (Brave) https://www.unblckd.cx: Adding to successful website

1 (Brave): (49) https://www.vipleiloes.com.br
   1 (Brave) https://www.vipleiloes.com.br: Getting Requests
   1 (Brave) https://www.vipleiloes.com.br: Getting Responses
   1 (Brave) : Loading new page https://www.vipleiloes.com.br
** 1 (Brave): TimeoutError -> https://www.vipleiloes.com.br
** 1 (Brave) closing page.
** 1 (Brave) Webpage closed.

1 (Brave): (50) https://www.monro24.ru
   1 (Brave) https://www.monro24.ru: Getting Requests
   1 (Brave) https://www.monro24.ru: Getting Responses
   1 (Brave) : Loading new page https://www.monro24.ru
** 1 (Brave): Error visiting webpage -> https://www.monro24.ru (net::ERR_CERT_COMMON_NAME_INVALID at https://www.monro24.ru)
** 1 (Brave) closing page.
** 1 (Brave) Webpage closed.

1 (Brave): (51) https://www.arturia.com
   1 (Brave) https://www.arturia.com: Getting Requests
   1 (Brave) https://www.arturia.com: Getting Responses
   1 (Brave) : Loading new page https://www.arturia.com
** 1 (Brave): TimeoutError -> https://www.arturia.com
** 1 (Brave) closing page.
** 1 (Brave) Webpage closed.

1 (Brave): (52) https://www.ntrs.com
   1 (Brave) https://www.ntrs.com: Getting Requests
   1 (Brave) https://www.ntrs.com: Getting Responses
   1 (Brave) : Loading new page https://www.ntrs.com
** 1 (Brave): TimeoutError -> https://www.ntrs.com
** 1 (Brave) closing page.
** 1 (Brave) Webpage closed.

1 (Brave): (53) https://www.multi.xxx
   1 (Brave) https://www.multi.xxx: Getting Requests
   1 (Brave) https://www.multi.xxx: Getting Responses
   1 (Brave) : Loading new page https://www.multi.xxx
   1 (Brave) https://www.multi.xxx: Page loaded
   1 (Brave) https://www.multi.xxx: Getting HTML
   1 (Brave) https://www.multi.xxx: Getting Cookies
   1 (Brave) https://www.multi.xxx: Getting Localstorage
      **** Error in LocalStorageFrameEvaluate
   1 (Brave) https://www.multi.xxx: Adding requests to DB
   1 (Brave) https://www.multi.xxx: Page closed

1 (Brave): (54) https://www.petel.bg
   1 (Brave) https://www.petel.bg: Getting Requests
   1 (Brave) https://www.petel.bg: Getting Responses
   1 (Brave) : Loading new page https://www.petel.bg
** 1 (Brave): TimeoutError -> https://www.petel.bg
** 1 (Brave) closing page.
** 1 (Brave) Webpage closed.

1 (Brave): (55) https://www.steemit.com
   1 (Brave) https://www.steemit.com: Getting Requests
   1 (Brave) https://www.steemit.com: Getting Responses
   1 (Brave) : Loading new page https://www.steemit.com
** 1 (Brave): TimeoutError -> https://www.steemit.com
** 1 (Brave) closing page.
** 1 (Brave) Webpage closed.

1 (Brave): (56) https://www.serebii.net
   1 (Brave) https://www.serebii.net: Getting Requests
   1 (Brave) https://www.serebii.net: Getting Responses
   1 (Brave) : Loading new page https://www.serebii.net
   1 (Brave) https://www.serebii.net: Page loaded
   1 (Brave) https://www.serebii.net: Getting HTML
   1 (Brave) https://www.serebii.net: Getting Cookies
      **** Error in CookieFrameEvaluate
      **** Error in CookieFrameEvaluate
      **** Error in CookieFrameEvaluate
      **** Error in CookieFrameEvaluate
      **** Error in CookieFrameEvaluate
      **** Error in CookieFrameEvaluate
      **** Error in CookieFrameEvaluate
      **** Error in CookieFrameEvaluate
      **** Error in CookieFrameEvaluate
   1 (Brave) https://www.serebii.net: Getting Localstorage
      **** Error in LocalStorageFrameEvaluate
      **** Error in LocalStorageFrameEvaluate
      **** Error in LocalStorageFrameEvaluate
      **** Error in LocalStorageFrameEvaluate
      **** Error in LocalStorageFrameEvaluate
      **** Error in LocalStorageFrameEvaluate
      **** Error in LocalStorageFrameEvaluate
      **** Error in LocalStorageFrameEvaluate
      **** Error in LocalStorageFrameEvaluate
   1 (Brave) https://www.serebii.net: Adding requests to DB
   1 (Brave) https://www.serebii.net: Page closed

1 (Brave): (57) https://www.hindimoviestv.com
   1 (Brave) https://www.hindimoviestv.com: Getting Requests
   1 (Brave) https://www.hindimoviestv.com: Getting Responses
   1 (Brave) : Loading new page https://www.hindimoviestv.com
** 1 (Brave): TimeoutError -> https://www.hindimoviestv.com
** 1 (Brave) closing page.
** 1 (Brave) Webpage closed.

1 (Brave): (58) https://www.justpaste.it
   1 (Brave) https://www.justpaste.it: Getting Requests
   1 (Brave) https://www.justpaste.it: Getting Responses
   1 (Brave) : Loading new page https://www.justpaste.it
** 1 (Brave): Error visiting webpage -> https://www.justpaste.it (net::ERR_CERT_COMMON_NAME_INVALID at https://www.justpaste.it)
** 1 (Brave) closing page.
** 1 (Brave) Webpage closed.

1 (Brave): (59) https://www.elisa.net
   1 (Brave) https://www.elisa.net: Getting Requests
   1 (Brave) https://www.elisa.net: Getting Responses
   1 (Brave) : Loading new page https://www.elisa.net
** 1 (Brave): Error visiting webpage -> https://www.elisa.net (net::ERR_CERT_COMMON_NAME_INVALID at https://www.elisa.net)
** 1 (Brave) closing page.
** 1 (Brave) Webpage closed.

1 (Brave): (60) https://www.zalora.com.my
   1 (Brave) https://www.zalora.com.my: Getting Requests
   1 (Brave) https://www.zalora.com.my: Getting Responses
   1 (Brave) : Loading new page https://www.zalora.com.my
** 1 (Brave): TimeoutError -> https://www.zalora.com.my
** 1 (Brave) closing page.
** 1 (Brave) Webpage closed.

1 (Brave): (61) https://www.dishboxes.com
   1 (Brave) https://www.dishboxes.com: Getting Requests
   1 (Brave) https://www.dishboxes.com: Getting Responses
   1 (Brave) : Loading new page https://www.dishboxes.com
** 1 (Brave): Error visiting webpage -> https://www.dishboxes.com (net::ERR_NAME_NOT_RESOLVED at https://www.dishboxes.com)
** 1 (Brave) closing page.
** 1 (Brave) Webpage closed.

1 (Brave): (62) https://www.cricketworldcup.com
   1 (Brave) https://www.cricketworldcup.com: Getting Requests
   1 (Brave) https://www.cricketworldcup.com: Getting Responses
   1 (Brave) : Loading new page https://www.cricketworldcup.com
** 1 (Brave): TimeoutError -> https://www.cricketworldcup.com
** 1 (Brave) closing page.
** 1 (Brave) Webpage closed.

1 (Brave): (63) https://www.aiha.org
   1 (Brave) https://www.aiha.org: Getting Requests
   1 (Brave) https://www.aiha.org: Getting Responses
   1 (Brave) : Loading new page https://www.aiha.org
** 1 (Brave): TimeoutError -> https://www.aiha.org
** 1 (Brave) closing page.
** 1 (Brave) Webpage closed.

1 (Brave): (64) https://www.radio-canada.ca
   1 (Brave) https://www.radio-canada.ca: Getting Requests
   1 (Brave) https://www.radio-canada.ca: Getting Responses
   1 (Brave) : Loading new page https://www.radio-canada.ca
** 1 (Brave): TimeoutError -> https://www.radio-canada.ca
** 1 (Brave) closing page.
** 1 (Brave) Webpage closed.

1 (Brave): (65) https://www.bitpin.ir
   1 (Brave) https://www.bitpin.ir: Getting Requests
   1 (Brave) https://www.bitpin.ir: Getting Responses
   1 (Brave) : Loading new page https://www.bitpin.ir
   1 (Brave) https://www.bitpin.ir: Page loaded
   1 (Brave) https://www.bitpin.ir: Getting HTML
   1 (Brave) https://www.bitpin.ir: Getting Cookies
   1 (Brave) https://www.bitpin.ir: Getting Localstorage
      **** Error in LocalStorageFrameEvaluate
   1 (Brave) https://www.bitpin.ir: Adding requests to DB
   1 (Brave) https://www.bitpin.ir: Page closed

1 (Brave): (66) https://www.noi.md
   1 (Brave) https://www.noi.md: Getting Requests
   1 (Brave) https://www.noi.md: Getting Responses
   1 (Brave) : Loading new page https://www.noi.md
   1 (Brave) https://www.noi.md: Page loaded
   1 (Brave) https://www.noi.md: Getting HTML
   1 (Brave) https://www.noi.md: Getting Cookies
   1 (Brave) https://www.noi.md: Getting Localstorage
      **** Error in LocalStorageFrameEvaluate
      **** Error in LocalStorageFrameEvaluate
      **** Error in LocalStorageFrameEvaluate
   1 (Brave) https://www.noi.md: Adding requests to DB
   1 (Brave) https://www.noi.md: Page closed

1 (Brave): (67) https://www.zippo.com
   1 (Brave) https://www.zippo.com: Getting Requests
   1 (Brave) https://www.zippo.com: Getting Responses
   1 (Brave) : Loading new page https://www.zippo.com
   1 (Brave) https://www.zippo.com: Page loaded
   1 (Brave) https://www.zippo.com: Getting HTML
   1 (Brave) https://www.zippo.com: Getting Cookies
   1 (Brave) https://www.zippo.com: Getting Localstorage
      **** Error in LocalStorageFrameEvaluate
      **** Error in LocalStorageFrameEvaluate
   1 (Brave) https://www.zippo.com: Adding requests to DB
   1 (Brave) https://www.zippo.com: Page closed

1 (Brave): (68) https://www.guancha.cn
   1 (Brave) https://www.guancha.cn: Getting Requests
   1 (Brave) https://www.guancha.cn: Getting Responses
   1 (Brave) : Loading new page https://www.guancha.cn
** 1 (Brave): TimeoutError -> https://www.guancha.cn
** 1 (Brave) closing page.
** 1 (Brave) Webpage closed.

1 (Brave): (69) https://www.fbs2-t-msedge.net
   1 (Brave) https://www.fbs2-t-msedge.net: Getting Requests
   1 (Brave) https://www.fbs2-t-msedge.net: Getting Responses
   1 (Brave) : Loading new page https://www.fbs2-t-msedge.net
** 1 (Brave): TimeoutError -> https://www.fbs2-t-msedge.net
** 1 (Brave) closing page.
** 1 (Brave) Webpage closed.

1 (Brave): (70) https://www.airproducts.com
   1 (Brave) https://www.airproducts.com: Getting Requests
   1 (Brave) https://www.airproducts.com: Getting Responses
   1 (Brave) : Loading new page https://www.airproducts.com
** 1 (Brave): TimeoutError -> https://www.airproducts.com
** 1 (Brave) closing page.
** 1 (Brave) Webpage closed.

1 (Brave): (71) https://www.superdeporte.es
   1 (Brave) https://www.superdeporte.es: Getting Requests
   1 (Brave) https://www.superdeporte.es: Getting Responses
   1 (Brave) : Loading new page https://www.superdeporte.es
   1 (Brave) https://www.superdeporte.es: Page loaded
   1 (Brave) https://www.superdeporte.es: Getting HTML
   1 (Brave) https://www.superdeporte.es: Getting Cookies
      **** Error in CookieFrameEvaluate
   1 (Brave) https://www.superdeporte.es: Getting Localstorage
      **** Error in LocalStorageFrameEvaluate
   1 (Brave) https://www.superdeporte.es: Adding requests to DB
   1 (Brave) https://www.superdeporte.es: Page closed

1 (Brave): (72) https://www.ecollege.com
   1 (Brave) https://www.ecollege.com: Getting Requests
   1 (Brave) https://www.ecollege.com: Getting Responses
   1 (Brave) : Loading new page https://www.ecollege.com
** 1 (Brave): Error visiting webpage -> https://www.ecollege.com (net::ERR_CONNECTION_RESET at https://www.ecollege.com)
** 1 (Brave) closing page.
** 1 (Brave) Webpage closed.

1 (Brave): (73) https://www.kaspi.kz
   1 (Brave) https://www.kaspi.kz: Getting Requests
   1 (Brave) https://www.kaspi.kz: Getting Responses
   1 (Brave) : Loading new page https://www.kaspi.kz
   1 (Brave) https://www.kaspi.kz: Page loaded
   1 (Brave) https://www.kaspi.kz: Getting HTML
   1 (Brave) https://www.kaspi.kz: Getting Cookies
   1 (Brave) https://www.kaspi.kz: Getting Localstorage
   1 (Brave) https://www.kaspi.kz: Adding requests to DB
   1 (Brave) https://www.kaspi.kz: Page closed
   1 (Brave) https://www.kaspi.kz: Adding to successful website

1 (Brave): (74) https://www.paygateway.com
   1 (Brave) https://www.paygateway.com: Getting Requests
   1 (Brave) https://www.paygateway.com: Getting Responses
   1 (Brave) : Loading new page https://www.paygateway.com
** 1 (Brave): Error visiting webpage -> https://www.paygateway.com (net::ERR_ADDRESS_UNREACHABLE at https://www.paygateway.com)
** 1 (Brave) closing page.
** 1 (Brave) Webpage closed.

1 (Brave): (75) https://www.mail.ru
   1 (Brave) https://www.mail.ru: Getting Requests
   1 (Brave) https://www.mail.ru: Getting Responses
   1 (Brave) : Loading new page https://www.mail.ru
   1 (Brave) https://www.mail.ru: Page loaded
   1 (Brave) https://www.mail.ru: Getting HTML
   1 (Brave) https://www.mail.ru: Getting Cookies
   1 (Brave) https://www.mail.ru: Getting Localstorage
   1 (Brave) https://www.mail.ru: Adding requests to DB
   1 (Brave) https://www.mail.ru: Page closed
   1 (Brave) https://www.mail.ru: Adding to successful website
   1 (Brave) instance closed.
Database connection disconnected
LOADED COUNTER : 22
TIMEOUT COUNTER : 37
OTHER ERROR COUNTER : 16
COOKIE TIMEOUT COUNTER : 5
LOCALSTORAGE TIMEOUT COUNTER : 15
NUMBER OF SUCCESSFUL WEBSITES : 7

