
1 (Google Chrome): (1) https://bot.sannysoft.com
   1 (Google Chrome) : Loading new page https://bot.sannysoft.com
   1 (Google Chrome) https://bot.sannysoft.com: Page loaded
   1 (Google Chrome) https://bot.sannysoft.com: Page closed

1 (Google Chrome): (2) https://www.whatismyip.com
   1 (Google Chrome) : Loading new page https://www.whatismyip.com
   1 (Google Chrome) https://www.whatismyip.com: Page loaded
   1 (Google Chrome) https://www.whatismyip.com: Page closed

1 (Google Chrome): (3) https://www.showmyip.com
   1 (Google Chrome) : Loading new page https://www.showmyip.com

3 (Firefox): (1) https://bot.sannysoft.com
   3 (Firefox) : Loading new page https://bot.sannysoft.com

4 (Ghostery): (1) https://bot.sannysoft.com
   4 (Ghostery) : Loading new page https://bot.sannysoft.com
** 1 (Google Chrome): TimeoutError -> https://www.showmyip.com
ReferenceError: saveTimedoutWebsites is not defined
    at crawl (file:///Users/crawler/Documents/cookie-banners/webCrawler/index.js:338:21)
    at async testCrawler (file:///Users/crawler/Documents/cookie-banners/webCrawler/index.js:56:5)
    at async CLImain (file:///Users/crawler/Documents/cookie-banners/webCrawler/index.js:488:9)
** 3 (Firefox): TimeoutError -> https://bot.sannysoft.com
ReferenceError: saveTimedoutWebsites is not defined
    at crawl (file:///Users/crawler/Documents/cookie-banners/webCrawler/index.js:338:21)
    at async testCrawler (file:///Users/crawler/Documents/cookie-banners/webCrawler/index.js:56:5)
    at async CLImain (file:///Users/crawler/Documents/cookie-banners/webCrawler/index.js:488:9)

2 (Brave): (1) https://bot.sannysoft.com
   2 (Brave) : Loading new page https://bot.sannysoft.com
** 3 (Firefox): BrowserInstance closed in error handling.
** 1 (Google Chrome): BrowserInstance closed in error handling.
Database connection established
Database connection established
** 4 (Ghostery): TimeoutError -> https://bot.sannysoft.com
ReferenceError: saveTimedoutWebsites is not defined
    at crawl (file:///Users/crawler/Documents/cookie-banners/webCrawler/index.js:338:21)
    at async testCrawler (file:///Users/crawler/Documents/cookie-banners/webCrawler/index.js:56:5)
    at async CLImain (file:///Users/crawler/Documents/cookie-banners/webCrawler/index.js:488:9)

1 (Google Chrome): (1) https://www.google.com
   1 (Google Chrome) https://www.google.com: Getting Requests
   1 (Google Chrome) https://www.google.com: Getting Responses
   1 (Google Chrome) : Loading new page https://www.google.com
   2 (Brave) https://bot.sannysoft.com: Page loaded
   2 (Brave) https://bot.sannysoft.com: Page closed

2 (Brave): (2) https://www.whatismyip.com
   2 (Brave) : Loading new page https://www.whatismyip.com
** 4 (Ghostery): BrowserInstance closed in error handling.
Database connection established
   2 (Brave) https://www.whatismyip.com: Page loaded
   2 (Brave) https://www.whatismyip.com: Page closed

2 (Brave): (3) https://www.showmyip.com
   2 (Brave) : Loading new page https://www.showmyip.com
   1 (Google Chrome) https://www.google.com: Page loaded
   1 (Google Chrome) https://www.google.com: Getting HTML
   1 (Google Chrome) https://www.google.com: Getting Cookies
   1 (Google Chrome) https://www.google.com: Getting Localstorage
   1 (Google Chrome) https://www.google.com: Adding requests to DB
   1 (Google Chrome) https://www.google.com: Page closed
   1 (Google Chrome) https://www.google.com: Adding to successful website

1 (Google Chrome): (2) https://www.a-msedge.net
   1 (Google Chrome) https://www.a-msedge.net: Getting Requests
   1 (Google Chrome) https://www.a-msedge.net: Getting Responses
   1 (Google Chrome) : Loading new page https://www.a-msedge.net
** 1 (Google Chrome): Error visiting webpage -> https://www.a-msedge.net (net::ERR_NAME_NOT_RESOLVED at https://www.a-msedge.net)
** 1 (Google Chrome) closing webpage.

1 (Google Chrome): (3) https://www.facebook.com
   1 (Google Chrome) https://www.facebook.com: Getting Requests
   1 (Google Chrome) https://www.facebook.com: Getting Responses
   1 (Google Chrome) : Loading new page https://www.facebook.com
   2 (Brave) https://www.showmyip.com: Page loaded
   2 (Brave) https://www.showmyip.com: Page closed

2 (Brave): (4) https://whatismyipaddress.com
   2 (Brave) : Loading new page https://whatismyipaddress.com

3 (Firefox): (1) https://www.google.com
   3 (Firefox) https://www.google.com: Getting Requests
   3 (Firefox) https://www.google.com: Getting Responses
   3 (Firefox) : Loading new page https://www.google.com
   1 (Google Chrome) https://www.facebook.com: Page loaded
   1 (Google Chrome) https://www.facebook.com: Getting HTML
   1 (Google Chrome) https://www.facebook.com: Getting Cookies
   1 (Google Chrome) https://www.facebook.com: Getting Localstorage
   1 (Google Chrome) https://www.facebook.com: Adding requests to DB
   1 (Google Chrome) https://www.facebook.com: Page closed
   1 (Google Chrome) https://www.facebook.com: Adding to successful website

1 (Google Chrome): (4) https://www.microsoft.com
   1 (Google Chrome) https://www.microsoft.com: Getting Requests
   1 (Google Chrome) https://www.microsoft.com: Getting Responses
   1 (Google Chrome) : Loading new page https://www.microsoft.com
   2 (Brave) https://whatismyipaddress.com: Page loaded
   2 (Brave) https://whatismyipaddress.com: Page closed

4 (Ghostery): (1) https://www.google.com
   4 (Ghostery) https://www.google.com: Getting Requests
   4 (Ghostery) https://www.google.com: Getting Responses
   4 (Ghostery) : Loading new page https://www.google.com
   2 (Brave) instance closed.
Database connection established
   1 (Google Chrome) https://www.microsoft.com: Page loaded
   1 (Google Chrome) https://www.microsoft.com: Getting HTML
   1 (Google Chrome) https://www.microsoft.com: Getting Cookies
   1 (Google Chrome) https://www.microsoft.com: Getting Localstorage
   1 (Google Chrome) https://www.microsoft.com: Adding requests to DB
   1 (Google Chrome) https://www.microsoft.com: Page closed
   1 (Google Chrome) https://www.microsoft.com: Adding to successful website

1 (Google Chrome): (5) https://www.amazonaws.com
   1 (Google Chrome) https://www.amazonaws.com: Getting Requests
   1 (Google Chrome) https://www.amazonaws.com: Getting Responses
   1 (Google Chrome) : Loading new page https://www.amazonaws.com
** 1 (Google Chrome): Error visiting webpage -> https://www.amazonaws.com (net::ERR_CONNECTION_RESET at https://www.amazonaws.com)
** 1 (Google Chrome) closing webpage.

1 (Google Chrome): (6) https://www.googleapis.com
   1 (Google Chrome) https://www.googleapis.com: Getting Requests
   1 (Google Chrome) https://www.googleapis.com: Getting Responses
   1 (Google Chrome) : Loading new page https://www.googleapis.com
   1 (Google Chrome) https://www.googleapis.com: Page loaded
   1 (Google Chrome) https://www.googleapis.com: Getting HTML
   1 (Google Chrome) https://www.googleapis.com: Getting Cookies
   1 (Google Chrome) https://www.googleapis.com: Getting Localstorage
   1 (Google Chrome) https://www.googleapis.com: Adding requests to DB
   1 (Google Chrome) https://www.googleapis.com: Page closed
   1 (Google Chrome) https://www.googleapis.com: Adding to successful website

1 (Google Chrome): (7) https://www.apple.com
   1 (Google Chrome) https://www.apple.com: Getting Requests
   1 (Google Chrome) https://www.apple.com: Getting Responses
   1 (Google Chrome) : Loading new page https://www.apple.com

2 (Brave): (1) https://www.google.com
   2 (Brave) https://www.google.com: Getting Requests
   2 (Brave) https://www.google.com: Getting Responses
   2 (Brave) : Loading new page https://www.google.com
** 3 (Firefox): TimeoutError -> https://www.google.com
ReferenceError: saveTimedoutWebsites is not defined
    at crawl (file:///Users/crawler/Documents/cookie-banners/webCrawler/index.js:338:21)
    at async CLImain (file:///Users/crawler/Documents/cookie-banners/webCrawler/index.js:520:9)
** 3 (Firefox): BrowserInstance closed in error handling.
Database connection disconnected
BROWSER : Firefox IS DONE 
LOADED COUNTER : 0
TIMEOUT COUNTER : 0
OTHER ERROR COUNTER : 0
COOKIE TIMEOUT COUNTER : 0
LOCALSTORAGE TIMEOUT COUNTER : 0
NUMBER OF SUCCESSFUL WEBSITES : 0

   1 (Google Chrome) https://www.apple.com: Page loaded
   1 (Google Chrome) https://www.apple.com: Getting HTML
   1 (Google Chrome) https://www.apple.com: Getting Cookies
   1 (Google Chrome) https://www.apple.com: Getting Localstorage
   1 (Google Chrome) https://www.apple.com: Adding requests to DB
   1 (Google Chrome) https://www.apple.com: Page closed
   1 (Google Chrome) https://www.apple.com: Adding to successful website

1 (Google Chrome): (8) https://www.youtube.com
   1 (Google Chrome) https://www.youtube.com: Getting Requests
   1 (Google Chrome) https://www.youtube.com: Getting Responses
   1 (Google Chrome) : Loading new page https://www.youtube.com
   2 (Brave) https://www.google.com: Page loaded
   2 (Brave) https://www.google.com: Getting HTML
   2 (Brave) https://www.google.com: Getting Cookies
   2 (Brave) https://www.google.com: Getting Localstorage
   2 (Brave) https://www.google.com: Adding requests to DB
   2 (Brave) https://www.google.com: Page closed
   2 (Brave) https://www.google.com: Adding to successful website

2 (Brave): (2) https://www.a-msedge.net
   2 (Brave) https://www.a-msedge.net: Getting Requests
   2 (Brave) https://www.a-msedge.net: Getting Responses
   2 (Brave) : Loading new page https://www.a-msedge.net
** 2 (Brave): Error visiting webpage -> https://www.a-msedge.net (net::ERR_NAME_NOT_RESOLVED at https://www.a-msedge.net)
** 2 (Brave) closing webpage.
** 4 (Ghostery): TimeoutError -> https://www.google.com
ReferenceError: saveTimedoutWebsites is not defined
    at crawl (file:///Users/crawler/Documents/cookie-banners/webCrawler/index.js:338:21)
    at async CLImain (file:///Users/crawler/Documents/cookie-banners/webCrawler/index.js:520:9)

2 (Brave): (3) https://www.facebook.com
   2 (Brave) https://www.facebook.com: Getting Requests
   2 (Brave) https://www.facebook.com: Getting Responses
   2 (Brave) : Loading new page https://www.facebook.com
** 4 (Ghostery): BrowserInstance closed in error handling.
Database connection disconnected
BROWSER : Ghostery IS DONE 
LOADED COUNTER : 0
TIMEOUT COUNTER : 0
OTHER ERROR COUNTER : 0
COOKIE TIMEOUT COUNTER : 0
LOCALSTORAGE TIMEOUT COUNTER : 0
NUMBER OF SUCCESSFUL WEBSITES : 0

   2 (Brave) https://www.facebook.com: Page loaded
   2 (Brave) https://www.facebook.com: Getting HTML
   2 (Brave) https://www.facebook.com: Getting Cookies
   2 (Brave) https://www.facebook.com: Getting Localstorage
   2 (Brave) https://www.facebook.com: Adding requests to DB
   2 (Brave) https://www.facebook.com: Page closed
   2 (Brave) https://www.facebook.com: Adding to successful website

2 (Brave): (4) https://www.microsoft.com
   2 (Brave) https://www.microsoft.com: Getting Requests
   2 (Brave) https://www.microsoft.com: Getting Responses
   2 (Brave) : Loading new page https://www.microsoft.com
   1 (Google Chrome) https://www.youtube.com: Page loaded
   1 (Google Chrome) https://www.youtube.com: Getting HTML
   1 (Google Chrome) https://www.youtube.com: Getting Cookies
   1 (Google Chrome) https://www.youtube.com: Getting Localstorage
   1 (Google Chrome) https://www.youtube.com: Adding requests to DB
   1 (Google Chrome) https://www.youtube.com: Page closed
   1 (Google Chrome) https://www.youtube.com: Adding to successful website

1 (Google Chrome): (9) https://www.akamaiedge.net
   1 (Google Chrome) https://www.akamaiedge.net: Getting Requests
   1 (Google Chrome) https://www.akamaiedge.net: Getting Responses
   1 (Google Chrome) : Loading new page https://www.akamaiedge.net
** 1 (Google Chrome): Error visiting webpage -> https://www.akamaiedge.net (net::ERR_NAME_NOT_RESOLVED at https://www.akamaiedge.net)
** 1 (Google Chrome) closing webpage.

1 (Google Chrome): (10) https://www.twitter.com
   1 (Google Chrome) https://www.twitter.com: Getting Requests
   1 (Google Chrome) https://www.twitter.com: Getting Responses
   1 (Google Chrome) : Loading new page https://www.twitter.com
   2 (Brave) https://www.microsoft.com: Page loaded
   2 (Brave) https://www.microsoft.com: Getting HTML
   2 (Brave) https://www.microsoft.com: Getting Cookies
      **** Cannot get frame origin because of lazy frame in cookies
   2 (Brave) https://www.microsoft.com: Getting Localstorage
   2 (Brave) https://www.microsoft.com: Adding requests to DB
   2 (Brave) https://www.microsoft.com: Page closed

2 (Brave): (5) https://www.amazonaws.com
   2 (Brave) https://www.amazonaws.com: Getting Requests
   2 (Brave) https://www.amazonaws.com: Getting Responses
   2 (Brave) : Loading new page https://www.amazonaws.com
   1 (Google Chrome) https://www.twitter.com: Page loaded
   1 (Google Chrome) https://www.twitter.com: Getting HTML
   1 (Google Chrome) https://www.twitter.com: Getting Cookies
** 2 (Brave): Error visiting webpage -> https://www.amazonaws.com (net::ERR_CONNECTION_RESET at https://www.amazonaws.com)
** 2 (Brave) closing webpage.

2 (Brave): (6) https://www.googleapis.com
   2 (Brave) https://www.googleapis.com: Getting Requests
   2 (Brave) https://www.googleapis.com: Getting Responses
   2 (Brave) : Loading new page https://www.googleapis.com
   1 (Google Chrome) https://www.twitter.com: Getting Localstorage
   1 (Google Chrome) https://www.twitter.com: Adding requests to DB
   1 (Google Chrome) https://www.twitter.com: Page closed
   1 (Google Chrome) https://www.twitter.com: Adding to successful website

1 (Google Chrome): (11) https://www.netflix.com
   1 (Google Chrome) https://www.netflix.com: Getting Requests
   1 (Google Chrome) https://www.netflix.com: Getting Responses
   1 (Google Chrome) : Loading new page https://www.netflix.com
   2 (Brave) https://www.googleapis.com: Page loaded
   2 (Brave) https://www.googleapis.com: Getting HTML
   2 (Brave) https://www.googleapis.com: Getting Cookies
   2 (Brave) https://www.googleapis.com: Getting Localstorage
   2 (Brave) https://www.googleapis.com: Adding requests to DB
   2 (Brave) https://www.googleapis.com: Page closed
   2 (Brave) https://www.googleapis.com: Adding to successful website

2 (Brave): (7) https://www.apple.com
   2 (Brave) https://www.apple.com: Getting Requests
   2 (Brave) https://www.apple.com: Getting Responses
   2 (Brave) : Loading new page https://www.apple.com
